2023-03-15 15:33:39,867 INFO o.a.j.u.JMeterUtils: Setting Locale to en_EN
2023-03-15 15:33:39,881 INFO o.a.j.JMeter: Loading user properties from: user.properties
2023-03-15 15:33:39,882 INFO o.a.j.JMeter: Loading system properties from: system.properties
2023-03-15 15:33:39,894 INFO o.a.j.JMeter: Copyright (c) 1998-2022 The Apache Software Foundation
2023-03-15 15:33:39,894 INFO o.a.j.JMeter: Version 5.5
2023-03-15 15:33:39,895 INFO o.a.j.JMeter: java.version=1.8.0_321
2023-03-15 15:33:39,896 INFO o.a.j.JMeter: java.vm.name=Java HotSpot(TM) 64-Bit Server VM
2023-03-15 15:33:39,896 INFO o.a.j.JMeter: os.name=Windows 10
2023-03-15 15:33:39,896 INFO o.a.j.JMeter: os.arch=amd64
2023-03-15 15:33:39,896 INFO o.a.j.JMeter: os.version=10.0
2023-03-15 15:33:39,896 INFO o.a.j.JMeter: file.encoding=Cp1252
2023-03-15 15:33:39,896 INFO o.a.j.JMeter: java.awt.headless=true
2023-03-15 15:33:39,896 INFO o.a.j.JMeter: Max memory     =1073741824
2023-03-15 15:33:39,896 INFO o.a.j.JMeter: Available Processors =12
2023-03-15 15:33:39,902 INFO o.a.j.JMeter: Default Locale=English (EN)
2023-03-15 15:33:39,902 INFO o.a.j.JMeter: JMeter  Locale=English (EN)
2023-03-15 15:33:39,902 INFO o.a.j.JMeter: JMeterHome=D:\Perf Mentoring\apache-jmeter-5.5
2023-03-15 15:33:39,902 INFO o.a.j.JMeter: user.dir  =D:\Perf Mentoring\apache-jmeter-5.5\bin
2023-03-15 15:33:39,902 INFO o.a.j.JMeter: PWD       =D:\Perf Mentoring\apache-jmeter-5.5\bin
2023-03-15 15:33:39,904 INFO o.a.j.JMeter: IP: 192.168.0.197 Name: EPLTVILW0049 FullName: host.docker.internal
2023-03-15 15:33:39,948 INFO o.a.j.r.RmiUtils: System property 'java.rmi.server.hostname' is not defined, using localHost address
2023-03-15 15:33:39,948 INFO o.a.j.r.RmiUtils: Local IP address=192.168.0.197
2023-03-15 15:33:40,240 ERROR o.a.j.JMeter: Giving up, as server failed with:
java.rmi.server.ExportException: Listen failed on port: 0; nested exception is: 
	java.io.FileNotFoundException: rmi_keystore.jks (The system cannot find the file specified)
	at sun.rmi.transport.tcp.TCPTransport.listen(Unknown Source) ~[?:1.8.0_321]
	at sun.rmi.transport.tcp.TCPTransport.exportObject(Unknown Source) ~[?:1.8.0_321]
	at sun.rmi.transport.tcp.TCPEndpoint.exportObject(Unknown Source) ~[?:1.8.0_321]
	at sun.rmi.transport.LiveRef.exportObject(Unknown Source) ~[?:1.8.0_321]
	at sun.rmi.server.UnicastServerRef.exportObject(Unknown Source) ~[?:1.8.0_321]
	at java.rmi.server.UnicastRemoteObject.exportObject(Unknown Source) ~[?:1.8.0_321]
	at java.rmi.server.UnicastRemoteObject.exportObject(Unknown Source) ~[?:1.8.0_321]
	at java.rmi.server.UnicastRemoteObject.<init>(Unknown Source) ~[?:1.8.0_321]
	at org.apache.jmeter.engine.RemoteJMeterEngineImpl.<init>(RemoteJMeterEngineImpl.java:68) ~[ApacheJMeter_core.jar:5.5]
	at org.apache.jmeter.engine.RemoteJMeterEngineImpl.startServer(RemoteJMeterEngineImpl.java:74) ~[ApacheJMeter_core.jar:5.5]
	at org.apache.jmeter.JMeter.start(JMeter.java:441) ~[ApacheJMeter_core.jar:5.5]
	at sun.reflect.NativeMethodAccessorImpl.invoke0(Native Method) ~[?:1.8.0_321]
	at sun.reflect.NativeMethodAccessorImpl.invoke(Unknown Source) ~[?:1.8.0_321]
	at sun.reflect.DelegatingMethodAccessorImpl.invoke(Unknown Source) ~[?:1.8.0_321]
	at java.lang.reflect.Method.invoke(Unknown Source) ~[?:1.8.0_321]
	at org.apache.jmeter.NewDriver.main(NewDriver.java:259) ~[ApacheJMeter.jar:5.5]
Caused by: java.io.FileNotFoundException: rmi_keystore.jks (The system cannot find the file specified)
	at java.io.FileInputStream.open0(Native Method) ~[?:1.8.0_321]
	at java.io.FileInputStream.open(Unknown Source) ~[?:1.8.0_321]
	at java.io.FileInputStream.<init>(Unknown Source) ~[?:1.8.0_321]
	at java.io.FileInputStream.<init>(Unknown Source) ~[?:1.8.0_321]
	at org.apache.jmeter.rmi.SSLRMIServerSocketFactory.loadStore(SSLRMIServerSocketFactory.java:147) ~[ApacheJMeter_core.jar:5.5]
	at org.apache.jmeter.rmi.SSLRMIServerSocketFactory.createServerSocket(SSLRMIServerSocketFactory.java:99) ~[ApacheJMeter_core.jar:5.5]
	at sun.rmi.transport.tcp.TCPEndpoint.newServerSocket(Unknown Source) ~[?:1.8.0_321]
	... 16 more
2023-03-15 15:33:40,245 ERROR o.a.j.JMeter: An error occurred: 
java.rmi.server.ExportException: Listen failed on port: 0; nested exception is: 
	java.io.FileNotFoundException: rmi_keystore.jks (The system cannot find the file specified)
	at sun.rmi.transport.tcp.TCPTransport.listen(Unknown Source) ~[?:1.8.0_321]
	at sun.rmi.transport.tcp.TCPTransport.exportObject(Unknown Source) ~[?:1.8.0_321]
	at sun.rmi.transport.tcp.TCPEndpoint.exportObject(Unknown Source) ~[?:1.8.0_321]
	at sun.rmi.transport.LiveRef.exportObject(Unknown Source) ~[?:1.8.0_321]
	at sun.rmi.server.UnicastServerRef.exportObject(Unknown Source) ~[?:1.8.0_321]
	at java.rmi.server.UnicastRemoteObject.exportObject(Unknown Source) ~[?:1.8.0_321]
	at java.rmi.server.UnicastRemoteObject.exportObject(Unknown Source) ~[?:1.8.0_321]
	at java.rmi.server.UnicastRemoteObject.<init>(Unknown Source) ~[?:1.8.0_321]
	at org.apache.jmeter.engine.RemoteJMeterEngineImpl.<init>(RemoteJMeterEngineImpl.java:68) ~[ApacheJMeter_core.jar:5.5]
	at org.apache.jmeter.engine.RemoteJMeterEngineImpl.startServer(RemoteJMeterEngineImpl.java:74) ~[ApacheJMeter_core.jar:5.5]
	at org.apache.jmeter.JMeter.start(JMeter.java:441) ~[ApacheJMeter_core.jar:5.5]
	at sun.reflect.NativeMethodAccessorImpl.invoke0(Native Method) ~[?:1.8.0_321]
	at sun.reflect.NativeMethodAccessorImpl.invoke(Unknown Source) ~[?:1.8.0_321]
	at sun.reflect.DelegatingMethodAccessorImpl.invoke(Unknown Source) ~[?:1.8.0_321]
	at java.lang.reflect.Method.invoke(Unknown Source) ~[?:1.8.0_321]
	at org.apache.jmeter.NewDriver.main(NewDriver.java:259) ~[ApacheJMeter.jar:5.5]
Caused by: java.io.FileNotFoundException: rmi_keystore.jks (The system cannot find the file specified)
	at java.io.FileInputStream.open0(Native Method) ~[?:1.8.0_321]
	at java.io.FileInputStream.open(Unknown Source) ~[?:1.8.0_321]
	at java.io.FileInputStream.<init>(Unknown Source) ~[?:1.8.0_321]
	at java.io.FileInputStream.<init>(Unknown Source) ~[?:1.8.0_321]
	at org.apache.jmeter.rmi.SSLRMIServerSocketFactory.loadStore(SSLRMIServerSocketFactory.java:147) ~[ApacheJMeter_core.jar:5.5]
	at org.apache.jmeter.rmi.SSLRMIServerSocketFactory.createServerSocket(SSLRMIServerSocketFactory.java:99) ~[ApacheJMeter_core.jar:5.5]
	at sun.rmi.transport.tcp.TCPEndpoint.newServerSocket(Unknown Source) ~[?:1.8.0_321]
	... 16 more
