2023-04-09 18:49:03,317 INFO o.a.j.u.JMeterUtils: Setting Locale to en_EN
2023-04-09 18:49:03,331 INFO o.a.j.JMeter: Loading user properties from: user.properties
2023-04-09 18:49:03,332 INFO o.a.j.JMeter: Loading system properties from: system.properties
2023-04-09 18:49:03,341 INFO o.a.j.JMeter: Copyright (c) 1998-2022 The Apache Software Foundation
2023-04-09 18:49:03,341 INFO o.a.j.JMeter: Version 5.5
2023-04-09 18:49:03,341 INFO o.a.j.JMeter: java.version=1.8.0_321
2023-04-09 18:49:03,341 INFO o.a.j.JMeter: java.vm.name=Java HotSpot(TM) 64-Bit Server VM
2023-04-09 18:49:03,341 INFO o.a.j.JMeter: os.name=Windows 10
2023-04-09 18:49:03,341 INFO o.a.j.JMeter: os.arch=amd64
2023-04-09 18:49:03,341 INFO o.a.j.JMeter: os.version=10.0
2023-04-09 18:49:03,341 INFO o.a.j.JMeter: file.encoding=Cp1252
2023-04-09 18:49:03,341 INFO o.a.j.JMeter: java.awt.headless=null
2023-04-09 18:49:03,341 INFO o.a.j.JMeter: Max memory     =1073741824
2023-04-09 18:49:03,341 INFO o.a.j.JMeter: Available Processors =12
2023-04-09 18:49:03,346 INFO o.a.j.JMeter: Default Locale=English (EN)
2023-04-09 18:49:03,346 INFO o.a.j.JMeter: JMeter  Locale=English (EN)
2023-04-09 18:49:03,347 INFO o.a.j.JMeter: JMeterHome=D:\Perf Mentoring\apache-jmeter-5.5
2023-04-09 18:49:03,347 INFO o.a.j.JMeter: user.dir  =D:\Perf Mentoring\apache-jmeter-5.5\bin
2023-04-09 18:49:03,347 INFO o.a.j.JMeter: PWD       =D:\Perf Mentoring\apache-jmeter-5.5\bin
2023-04-09 18:49:03,348 INFO o.a.j.JMeter: IP: 192.168.0.197 Name: EPLTVILW0049 FullName: host.docker.internal
2023-04-09 18:49:03,364 INFO o.a.j.JMeter: Loaded icon properties from org/apache/jmeter/images/icon.properties
2023-04-09 18:49:03,545 INFO o.a.j.JMeterGuiLauncher: Setting LAF to: com.github.weisj.darklaf.DarkLaf:com.github.weisj.darklaf.theme.DarculaTheme
2023-04-09 18:49:05,586 INFO o.j.r.JARSourceHTTP: Requesting https://jmeter-plugins.org/repo/?installID=windows_10-baf22555db8bc88c025b2d3d5f916fce-gui
2023-04-09 18:49:06,556 INFO o.a.j.p.h.s.HTTPSamplerBase: Parser for text/html is org.apache.jmeter.protocol.http.parser.LagartoBasedHtmlParser
2023-04-09 18:49:06,556 INFO o.a.j.p.h.s.HTTPSamplerBase: Parser for application/xhtml+xml is org.apache.jmeter.protocol.http.parser.LagartoBasedHtmlParser
2023-04-09 18:49:06,557 INFO o.a.j.p.h.s.HTTPSamplerBase: Parser for application/xml is org.apache.jmeter.protocol.http.parser.LagartoBasedHtmlParser
2023-04-09 18:49:06,557 INFO o.a.j.p.h.s.HTTPSamplerBase: Parser for text/xml is org.apache.jmeter.protocol.http.parser.LagartoBasedHtmlParser
2023-04-09 18:49:06,557 INFO o.a.j.p.h.s.HTTPSamplerBase: Parser for text/vnd.wap.wml is org.apache.jmeter.protocol.http.parser.RegexpHTMLParser
2023-04-09 18:49:06,557 INFO o.a.j.p.h.s.HTTPSamplerBase: Parser for text/css is org.apache.jmeter.protocol.http.parser.CssParser
2023-04-09 18:49:08,190 INFO o.j.r.PluginManager: Plugins Status: [bzm-parallel=0.11, jpgc-plugins-manager=1.9, jmeter-core=5.5, jmeter-ftp=5.5, jmeter-http=5.5, jmeter-jdbc=5.5, jmeter-jms=5.5, jmeter-junit=5.5, jmeter-java=5.5, jmeter-ldap=5.5, jmeter-mail=5.5, jmeter-mongodb=5.5, jmeter-native=5.5, jmeter-tcp=5.5, jmeter-components=5.5]
2023-04-09 18:49:16,339 INFO o.a.j.s.FileServer: Default base='D:\Perf Mentoring\apache-jmeter-5.5\bin'
2023-04-09 18:49:16,342 INFO o.a.j.g.a.Load: Loading file: D:\Perf Mentoring\apache-jmeter-5.5\bin\Shophizer.jmx
2023-04-09 18:49:16,342 INFO o.a.j.s.FileServer: Set new base='D:\Perf Mentoring\apache-jmeter-5.5\bin'
2023-04-09 18:49:16,498 INFO o.a.j.s.SaveService: Testplan (JMX) version: 2.2. Testlog (JTL) version: 2.2
2023-04-09 18:49:16,507 INFO o.a.j.s.SaveService: Using SaveService properties file encoding UTF-8
2023-04-09 18:49:16,508 ERROR o.a.j.s.SaveService: Duplicate alias detected for true: jmeter.save.saveservice.latency & jmeter.save.saveservice.assertion_results_failure_message
2023-04-09 18:49:16,508 ERROR o.a.j.s.SaveService: Duplicate alias detected for true: jmeter.save.saveservice.bytes & jmeter.save.saveservice.latency
2023-04-09 18:49:16,509 INFO o.a.j.s.SaveService: Using SaveService properties version 5.0
2023-04-09 18:49:16,509 ERROR o.a.j.s.SaveService: Duplicate alias detected for true: jmeter.save.saveservice.label & jmeter.save.saveservice.bytes
2023-04-09 18:49:16,509 ERROR o.a.j.s.SaveService: Duplicate alias detected for true: jmeter.save.saveservice.time & jmeter.save.saveservice.label
2023-04-09 18:49:16,510 ERROR o.a.j.s.SaveService: Duplicate alias detected for true: jmeter.save.saveservice.thread_name & jmeter.save.saveservice.time
2023-04-09 18:49:16,511 ERROR o.a.j.s.SaveService: Duplicate alias detected for true: jmeter.save.saveservice.connect_time & jmeter.save.saveservice.thread_name
2023-04-09 18:49:16,511 ERROR o.a.j.s.SaveService: Duplicate alias detected for true: jmeter.save.saveservice.thread_counts & jmeter.save.saveservice.connect_time
2023-04-09 18:49:16,511 ERROR o.a.j.s.SaveService: Duplicate alias detected for true: jmeter.save.saveservice.successful & jmeter.save.saveservice.thread_counts
2023-04-09 18:49:16,512 ERROR o.a.j.s.SaveService: Duplicate alias detected for true: jmeter.save.saveservice.response_code & jmeter.save.saveservice.successful
2023-04-09 18:49:16,512 ERROR o.a.j.s.SaveService: Duplicate alias detected for true: jmeter.save.saveservice.response_message & jmeter.save.saveservice.response_code
2023-04-09 18:49:16,513 INFO o.a.j.s.SaveService: Loading file: D:\Perf Mentoring\apache-jmeter-5.5\bin\Shophizer.jmx
2023-04-09 18:49:16,709 INFO o.a.j.p.h.c.CookieManager: Settings: Delete null: true Check: true Allow variable: true Save: false Prefix: COOKIE_
2023-04-09 18:49:17,226 INFO o.a.j.s.SampleResult: Note: Sample TimeStamps are START times
2023-04-09 18:49:17,226 INFO o.a.j.s.SampleResult: sampleresult.default.encoding is set to ISO-8859-1
2023-04-09 18:49:17,226 INFO o.a.j.s.SampleResult: sampleresult.useNanoTime=true
2023-04-09 18:49:17,226 INFO o.a.j.s.SampleResult: sampleresult.nanoThreadSleep=5000
2023-04-09 18:49:17,508 INFO o.a.j.s.FileServer: Set new base='D:\Perf Mentoring\apache-jmeter-5.5\bin'
